[0712/231331.217:ERROR:process_memory_win.cc(73)] ReadMemory at 0x7ff7da340000 of 64 bytes failed: Only part of a ReadProcessMemory or WriteProcessMemory request was completed. (0x12B)
[0712/231331.221:WARNING:pe_image_reader.cc(340)] could not read dos header from C:\Program Files (x86)\Google\Chrome\Application\chrome.exe
[0712/231331.221:ERROR:process_memory_win.cc(73)] ReadMemory at 0x7ffd38460000 of 64 bytes failed: Only part of a ReadProcessMemory or WriteProcessMemory request was completed. (0x12B)
[0712/231331.221:WARNING:pe_image_reader.cc(340)] could not read dos header from C:\Windows\SYSTEM32\ntdll.dll
[0712/231331.221:ERROR:process_memory_win.cc(73)] ReadMemory at 0x7ffd37810000 of 64 bytes failed: Only part of a ReadProcessMemory or WriteProcessMemory request was completed. (0x12B)
[0712/231331.245:WARNING:pe_image_reader.cc(340)] could not read dos header from C:\Windows\System32\KERNEL32.DLL
[0712/231331.245:ERROR:process_memory_win.cc(73)] ReadMemory at 0x7ffd36010000 of 64 bytes failed: Only part of a ReadProcessMemory or WriteProcessMemory request was completed. (0x12B)
[0712/231331.245:WARNING:pe_image_reader.cc(340)] could not read dos header from C:\Windows\System32\KERNELBASE.dll
[0712/231331.245:ERROR:process_memory_win.cc(73)] ReadMemory at 0x7ffd02a00000 of 64 bytes failed: Only part of a ReadProcessMemory or WriteProcessMemory request was completed. (0x12B)
[0712/231331.245:WARNING:pe_image_reader.cc(340)] could not read dos header from C:\Program Files (x86)\Google\Chrome\Application\83.0.4103.116\chrome_elf.dll
[0712/231331.245:ERROR:process_memory_win.cc(73)] ReadMemory at 0x7ffd2d710000 of 64 bytes failed: Only part of a ReadProcessMemory or WriteProcessMemory request was completed. (0x12B)
[0712/231331.245:WARNING:pe_image_reader.cc(340)] could not read dos header from C:\Windows\SYSTEM32\VERSION.dll
[0712/231331.245:ERROR:process_memory_win.cc(73)] ReadMemory at 0x7ffd365f0000 of 64 bytes failed: Only part of a ReadProcessMemory or WriteProcessMemory request was completed. (0x12B)
[0712/231331.245:WARNING:pe_image_reader.cc(340)] could not read dos header from C:\Windows\System32\msvcrt.dll
[0712/231331.245:ERROR:process_memory_win.cc(73)] ReadMemory at 0x7ffd35410000 of 64 bytes failed: Only part of a ReadProcessMemory or WriteProcessMemory request was completed. (0x12B)
[0712/231331.245:WARNING:pe_image_reader.cc(340)] could not read dos header from C:\Windows\System32\bcryptPrimitives.dll
[0712/231331.245:ERROR:process_memory_win.cc(73)] ReadMemory at 0x7ffd36690000 of 64 bytes failed: Only part of a ReadProcessMemory or WriteProcessMemory request was completed. (0x12B)
[0712/231331.245:WARNING:pe_image_reader.cc(340)] could not read dos header from C:\Windows\System32\ADVAPI32.dll
[0712/231331.245:ERROR:process_memory_win.cc(73)] ReadMemory at 0x7ffd36c50000 of 64 bytes failed: Only part of a ReadProcessMemory or WriteProcessMemory request was completed. (0x12B)
[0712/231331.245:WARNING:pe_image_reader.cc(340)] could not read dos header from C:\Windows\System32\sechost.dll
[0712/231331.245:ERROR:process_memory_win.cc(73)] ReadMemory at 0x7ffd380e0000 of 64 bytes failed: Only part of a ReadProcessMemory or WriteProcessMemory request was completed. (0x12B)
[0712/231331.245:WARNING:pe_image_reader.cc(340)] could not read dos header from C:\Windows\System32\RPCRT4.dll
[0712/231331.245:ERROR:process_memory_win.cc(73)] ReadMemory at 0x7ffcd22e0000 of 64 bytes failed: Only part of a ReadProcessMemory or WriteProcessMemory request was completed. (0x12B)
[0712/231331.245:WARNING:pe_image_reader.cc(340)] could not read dos header from C:\Program Files (x86)\Google\Chrome\Application\83.0.4103.116\chrome.dll
[0712/231331.245:ERROR:process_memory_win.cc(73)] ReadMemory at 0x7ffd37460000 of 64 bytes failed: Only part of a ReadProcessMemory or WriteProcessMemory request was completed. (0x12B)
[0712/231331.245:WARNING:pe_image_reader.cc(340)] could not read dos header from C:\Windows\System32\WS2_32.dll
[0712/231331.245:ERROR:process_memory_win.cc(73)] ReadMemory at 0x7ffd369a0000 of 64 bytes failed: Only part of a ReadProcessMemory or WriteProcessMemory request was completed. (0x12B)
[0712/231331.249:WARNING:pe_image_reader.cc(340)] could not read dos header from C:\Windows\System32\OLEAUT32.dll
[0712/231331.249:ERROR:process_memory_win.cc(73)] ReadMemory at 0x7ffd354f0000 of 64 bytes failed: Only part of a ReadProcessMemory or WriteProcessMemory request was completed. (0x12B)
[0712/231331.249:WARNING:pe_image_reader.cc(340)] could not read dos header from C:\Windows\System32\msvcp_win.dll
[0712/231331.249:ERROR:process_memory_win.cc(73)] ReadMemory at 0x7ffd35760000 of 64 bytes failed: Only part of a ReadProcessMemory or WriteProcessMemory request was completed. (0x12B)
[0712/231331.249:WARNING:pe_image_reader.cc(340)] could not read dos header from C:\Windows\System32\ucrtbase.dll
[0712/231331.249:ERROR:process_memory_win.cc(73)] ReadMemory at 0x7ffd374d0000 of 64 bytes failed: Only part of a ReadProcessMemory or WriteProcessMemory request was completed. (0x12B)
[0712/231331.249:WARNING:pe_image_reader.cc(340)] could not read dos header from C:\Windows\System32\combase.dll
[0712/231331.249:ERROR:process_memory_win.cc(73)] ReadMemory at 0x7ffd35490000 of 64 bytes failed: Only part of a ReadProcessMemory or WriteProcessMemory request was completed. (0x12B)
[0712/231331.249:WARNING:pe_image_reader.cc(340)] could not read dos header from C:\Windows\System32\WINTRUST.dll
[0712/231331.249:ERROR:process_memory_win.cc(73)] ReadMemory at 0x7ffd353d0000 of 64 bytes failed: Only part of a ReadProcessMemory or WriteProcessMemory request was completed. (0x12B)
[0712/231331.249:WARNING:pe_image_reader.cc(340)] could not read dos header from C:\Windows\System32\MSASN1.dll
[0712/231331.249:ERROR:process_memory_win.cc(73)] ReadMemory at 0x7ffd363c0000 of 64 bytes failed: Only part of a ReadProcessMemory or WriteProcessMemory request was completed. (0x12B)
[0712/231331.249:WARNING:pe_image_reader.cc(340)] could not read dos header from C:\Windows\System32\CRYPT32.dll
[0712/231331.249:ERROR:process_memory_win.cc(73)] ReadMemory at 0x7ffd348a0000 of 64 bytes failed: Only part of a ReadProcessMemory or WriteProcessMemory request was completed. (0x12B)
[0712/231331.249:WARNING:pe_image_reader.cc(340)] could not read dos header from C:\Windows\SYSTEM32\IPHLPAPI.DLL
[0712/231331.249:ERROR:process_memory_win.cc(73)] ReadMemory at 0x7ffd31fd0000 of 64 bytes failed: Only part of a ReadProcessMemory or WriteProcessMemory request was completed. (0x12B)
[0712/231331.249:WARNING:pe_image_reader.cc(340)] could not read dos header from C:\Windows\SYSTEM32\WINMM.dll
[0712/231331.249:ERROR:process_memory_win.cc(73)] ReadMemory at 0x7ffd26780000 of 64 bytes failed: Only part of a ReadProcessMemory or WriteProcessMemory request was completed. (0x12B)
[0712/231331.249:WARNING:pe_image_reader.cc(340)] could not read dos header from C:\Windows\SYSTEM32\Secur32.dll
[0712/231331.249:ERROR:process_memory_win.cc(73)] ReadMemory at 0x7ffd35240000 of 64 bytes failed: Only part of a ReadProcessMemory or WriteProcessMemory request was completed. (0x12B)
[0712/231331.249:WARNING:pe_image_reader.cc(340)] could not read dos header from C:\Windows\SYSTEM32\USERENV.dll
[0712/231331.249:ERROR:process_memory_win.cc(73)] ReadMemory at 0x7ffd35350000 of 64 bytes failed: Only part of a ReadProcessMemory or WriteProcessMemory request was completed. (0x12B)
[0712/231331.249:WARNING:pe_image_reader.cc(340)] could not read dos header from C:\Windows\System32\profapi.dll
[0712/231331.249:ERROR:process_memory_win.cc(73)] ReadMemory at 0x7ffd0b7b0000 of 64 bytes failed: Only part of a ReadProcessMemory or WriteProcessMemory request was completed. (0x12B)
[0712/231331.249:WARNING:pe_image_reader.cc(340)] could not read dos header from C:\Windows\SYSTEM32\UIAutomationCore.DLL
[0712/231331.249:ERROR:process_memory_win.cc(73)] ReadMemory at 0x7ffd18c60000 of 64 bytes failed: Only part of a ReadProcessMemory or WriteProcessMemory request was completed. (0x12B)
[0712/231331.249:WARNING:pe_image_reader.cc(340)] could not read dos header from C:\Windows\SYSTEM32\DWrite.dll
[0712/231331.249:ERROR:process_memory_win.cc(73)] ReadMemory at 0x7ffd29e10000 of 64 bytes failed: Only part of a ReadProcessMemory or WriteProcessMemory request was completed. (0x12B)
[0712/231331.249:WARNING:pe_image_reader.cc(340)] could not read dos header from C:\Windows\SYSTEM32\WINSPOOL.DRV
[0712/231331.249:ERROR:process_memory_win.cc(73)] ReadMemory at 0x7ffd35330000 of 64 bytes failed: Only part of a ReadProcessMemory or WriteProcessMemory request was completed. (0x12B)
[0712/231331.249:WARNING:pe_image_reader.cc(340)] could not read dos header from C:\Windows\System32\kernel.appcore.dll
[0712/231331.249:ERROR:process_memory_win.cc(73)] ReadMemory at 0x7ffd35730000 of 64 bytes failed: Only part of a ReadProcessMemory or WriteProcessMemory request was completed. (0x12B)
[0712/231331.249:WARNING:pe_image_reader.cc(340)] could not read dos header from C:\Windows\System32\bcrypt.dll
[0712/231331.249:ERROR:process_memory_win.cc(73)] ReadMemory at 0x7ffd1db00000 of 64 bytes failed: Only part of a ReadProcessMemory or WriteProcessMemory request was completed. (0x12B)
[0712/231331.249:WARNING:pe_image_reader.cc(340)] could not read dos header from C:\Windows\SYSTEM32\dbghelp.dll
[0712/231331.249:ERROR:process_memory_win.cc(73)] ReadMemory at 0x7ffd298a0000 of 64 bytes failed: Only part of a ReadProcessMemory or WriteProcessMemory request was completed. (0x12B)
[0712/231331.249:WARNING:pe_image_reader.cc(340)] could not read dos header from C:\Windows\SYSTEM32\WINHTTP.dll
[0712/231331.249:ERROR:process_memory_win.cc(73)] ReadMemory at 0x7ffd2d5f0000 of 64 bytes failed: Only part of a ReadProcessMemory or WriteProcessMemory request was completed. (0x12B)
[0712/231331.249:WARNING:pe_image_reader.cc(340)] could not read dos header from C:\Windows\SYSTEM32\dhcpcsvc.DLL
[0712/231331.249:ERROR:process_memory_win.cc(73)] ReadMemory at 0x7ffd36a70000 of 64 bytes failed: Only part of a ReadProcessMemory or WriteProcessMemory request was completed. (0x12B)
[0712/231331.249:WARNING:pe_image_reader.cc(340)] could not read dos header from C:\Windows\System32\NSI.dll
[0712/231331.249:ERROR:process_memory_win.cc(73)] ReadMemory at 0x7ffd31fa0000 of 64 bytes failed: Only part of a ReadProcessMemory or WriteProcessMemory request was completed. (0x12B)
[0712/231331.249:WARNING:pe_image_reader.cc(340)] could not read dos header from C:\Windows\SYSTEM32\WINMMBASE.dll
[0712/231331.249:ERROR:process_memory_win.cc(73)] ReadMemory at 0x7ffd36370000 of 64 bytes failed: Only part of a ReadProcessMemory or WriteProcessMemory request was completed. (0x12B)
[0712/231331.249:WARNING:pe_image_reader.cc(340)] could not read dos header from C:\Windows\System32\cfgmgr32.dll
[0712/231331.249:ERROR:process_memory_win.cc(73)] ReadMemory at 0x7ffd31a00000 of 64 bytes failed: Only part of a ReadProcessMemory or WriteProcessMemory request was completed. (0x12B)
[0712/231331.249:WARNING:pe_image_reader.cc(340)] could not read dos header from C:\Windows\SYSTEM32\PROPSYS.dll
[0712/231331.249:ERROR:process_memory_win.cc(73)] ReadMemory at 0x7ffd37ad0000 of 64 bytes failed: Only part of a ReadProcessMemory or WriteProcessMemory request was completed. (0x12B)
[0712/231331.249:WARNING:pe_image_reader.cc(340)] could not read dos header from C:\Windows\System32\shcore.dll
[0712/231331.249:ERROR:process_memory_win.cc(73)] ReadMemory at 0x7ffd35210000 of 64 bytes failed: Only part of a ReadProcessMemory or WriteProcessMemory request was completed. (0x12B)
[0712/231331.249:WARNING:pe_image_reader.cc(340)] could not read dos header from C:\Windows\SYSTEM32\SSPICLI.DLL
[0712/231331.249:ERROR:process_memory_win.cc(73)] ReadMemory at 0x7ffd34d60000 of 64 bytes failed: Only part of a ReadProcessMemory or WriteProcessMemory request was completed. (0x12B)
[0712/231331.249:WARNING:pe_image_reader.cc(340)] could not read dos header from C:\Windows\SYSTEM32\CRYPTBASE.DLL
[0712/231331.257:ERROR:process_memory_win.cc(73)] ReadMemory at 0x7ff7da340000 of 64 bytes failed: Only part of a ReadProcessMemory or WriteProcessMemory request was completed. (0x12B)
[0712/231331.257:WARNING:pe_image_reader.cc(340)] could not read dos header from C:\Program Files (x86)\Google\Chrome\Application\chrome.exe
[0712/231331.257:ERROR:process_memory_win.cc(73)] ReadMemory at 0x7ffd38460000 of 64 bytes failed: Only part of a ReadProcessMemory or WriteProcessMemory request was completed. (0x12B)
[0712/231331.257:WARNING:pe_image_reader.cc(340)] could not read dos header from C:\Windows\SYSTEM32\ntdll.dll
[0712/231331.257:ERROR:process_memory_win.cc(73)] ReadMemory at 0x7ffd37810000 of 64 bytes failed: Only part of a ReadProcessMemory or WriteProcessMemory request was completed. (0x12B)
[0712/231331.257:WARNING:pe_image_reader.cc(340)] could not read dos header from C:\Windows\System32\KERNEL32.DLL
[0712/231331.257:ERROR:process_memory_win.cc(73)] ReadMemory at 0x7ffd36010000 of 64 bytes failed: Only part of a ReadProcessMemory or WriteProcessMemory request was completed. (0x12B)
[0712/231331.257:WARNING:pe_image_reader.cc(340)] could not read dos header from C:\Windows\System32\KERNELBASE.dll
[0712/231331.257:ERROR:process_memory_win.cc(73)] ReadMemory at 0x7ffd02a00000 of 64 bytes failed: Only part of a ReadProcessMemory or WriteProcessMemory request was completed. (0x12B)
[0712/231331.257:WARNING:pe_image_reader.cc(340)] could not read dos header from C:\Program Files (x86)\Google\Chrome\Application\83.0.4103.116\chrome_elf.dll
[0712/231331.257:ERROR:process_memory_win.cc(73)] ReadMemory at 0x7ffd2d710000 of 64 bytes failed: Only part of a ReadProcessMemory or WriteProcessMemory request was completed. (0x12B)
[0712/231331.257:WARNING:pe_image_reader.cc(340)] could not read dos header from C:\Windows\SYSTEM32\VERSION.dll
[0712/231331.257:ERROR:process_memory_win.cc(73)] ReadMemory at 0x7ffd365f0000 of 64 bytes failed: Only part of a ReadProcessMemory or WriteProcessMemory request was completed. (0x12B)
[0712/231331.257:WARNING:pe_image_reader.cc(340)] could not read dos header from C:\Windows\System32\msvcrt.dll
[0712/231331.257:ERROR:process_memory_win.cc(73)] ReadMemory at 0x7ffd35410000 of 64 bytes failed: Only part of a ReadProcessMemory or WriteProcessMemory request was completed. (0x12B)
[0712/231331.257:WARNING:pe_image_reader.cc(340)] could not read dos header from C:\Windows\System32\bcryptPrimitives.dll
[0712/231331.257:ERROR:process_memory_win.cc(73)] ReadMemory at 0x7ffd36690000 of 64 bytes failed: Only part of a ReadProcessMemory or WriteProcessMemory request was completed. (0x12B)
[0712/231331.257:WARNING:pe_image_reader.cc(340)] could not read dos header from C:\Windows\System32\ADVAPI32.dll
[0712/231331.257:ERROR:process_memory_win.cc(73)] ReadMemory at 0x7ffd36c50000 of 64 bytes failed: Only part of a ReadProcessMemory or WriteProcessMemory request was completed. (0x12B)
[0712/231331.257:WARNING:pe_image_reader.cc(340)] could not read dos header from C:\Windows\System32\sechost.dll
[0712/231331.257:ERROR:process_memory_win.cc(73)] ReadMemory at 0x7ffd380e0000 of 64 bytes failed: Only part of a ReadProcessMemory or WriteProcessMemory request was completed. (0x12B)
[0712/231331.257:WARNING:pe_image_reader.cc(340)] could not read dos header from C:\Windows\System32\RPCRT4.dll
[0712/231331.257:ERROR:process_memory_win.cc(73)] ReadMemory at 0x7ffcd22e0000 of 64 bytes failed: Only part of a ReadProcessMemory or WriteProcessMemory request was completed. (0x12B)
[0712/231331.257:WARNING:pe_image_reader.cc(340)] could not read dos header from C:\Program Files (x86)\Google\Chrome\Application\83.0.4103.116\chrome.dll
[0712/231331.257:ERROR:process_memory_win.cc(73)] ReadMemory at 0x7ffd37460000 of 64 bytes failed: Only part of a ReadProcessMemory or WriteProcessMemory request was completed. (0x12B)
[0712/231331.257:WARNING:pe_image_reader.cc(340)] could not read dos header from C:\Windows\System32\WS2_32.dll
[0712/231331.257:ERROR:process_memory_win.cc(73)] ReadMemory at 0x7ffd369a0000 of 64 bytes failed: Only part of a ReadProcessMemory or WriteProcessMemory request was completed. (0x12B)
[0712/231331.257:WARNING:pe_image_reader.cc(340)] could not read dos header from C:\Windows\System32\OLEAUT32.dll
[0712/231331.257:ERROR:process_memory_win.cc(73)] ReadMemory at 0x7ffd354f0000 of 64 bytes failed: Only part of a ReadProcessMemory or WriteProcessMemory request was completed. (0x12B)
[0712/231331.257:WARNING:pe_image_reader.cc(340)] could not read dos header from C:\Windows\System32\msvcp_win.dll
[0712/231331.257:ERROR:process_memory_win.cc(73)] ReadMemory at 0x7ffd35760000 of 64 bytes failed: Only part of a ReadProcessMemory or WriteProcessMemory request was completed. (0x12B)
[0712/231331.257:WARNING:pe_image_reader.cc(340)] could not read dos header from C:\Windows\System32\ucrtbase.dll
[0712/231331.257:ERROR:process_memory_win.cc(73)] ReadMemory at 0x7ffd374d0000 of 64 bytes failed: Only part of a ReadProcessMemory or WriteProcessMemory request was completed. (0x12B)
[0712/231331.257:WARNING:pe_image_reader.cc(340)] could not read dos header from C:\Windows\System32\combase.dll
[0712/231331.257:ERROR:process_memory_win.cc(73)] ReadMemory at 0x7ffd35490000 of 64 bytes failed: Only part of a ReadProcessMemory or WriteProcessMemory request was completed. (0x12B)
[0712/231331.257:WARNING:pe_image_reader.cc(340)] could not read dos header from C:\Windows\System32\WINTRUST.dll
[0712/231331.257:ERROR:process_memory_win.cc(73)] ReadMemory at 0x7ffd353d0000 of 64 bytes failed: Only part of a ReadProcessMemory or WriteProcessMemory request was completed. (0x12B)
[0712/231331.257:WARNING:pe_image_reader.cc(340)] could not read dos header from C:\Windows\System32\MSASN1.dll
[0712/231331.257:ERROR:process_memory_win.cc(73)] ReadMemory at 0x7ffd363c0000 of 64 bytes failed: Only part of a ReadProcessMemory or WriteProcessMemory request was completed. (0x12B)
[0712/231331.257:WARNING:pe_image_reader.cc(340)] could not read dos header from C:\Windows\System32\CRYPT32.dll
[0712/231331.261:ERROR:process_memory_win.cc(73)] ReadMemory at 0x7ffd348a0000 of 64 bytes failed: Only part of a ReadProcessMemory or WriteProcessMemory request was completed. (0x12B)
[0712/231331.261:WARNING:pe_image_reader.cc(340)] could not read dos header from C:\Windows\SYSTEM32\IPHLPAPI.DLL
[0712/231331.261:ERROR:process_memory_win.cc(73)] ReadMemory at 0x7ffd31fd0000 of 64 bytes failed: Only part of a ReadProcessMemory or WriteProcessMemory request was completed. (0x12B)
[0712/231331.261:WARNING:pe_image_reader.cc(340)] could not read dos header from C:\Windows\SYSTEM32\WINMM.dll
[0712/231331.261:ERROR:process_memory_win.cc(73)] ReadMemory at 0x7ffd26780000 of 64 bytes failed: Only part of a ReadProcessMemory or WriteProcessMemory request was completed. (0x12B)
[0712/231331.261:WARNING:pe_image_reader.cc(340)] could not read dos header from C:\Windows\SYSTEM32\Secur32.dll
[0712/231331.261:ERROR:process_memory_win.cc(73)] ReadMemory at 0x7ffd35240000 of 64 bytes failed: Only part of a ReadProcessMemory or WriteProcessMemory request was completed. (0x12B)
[0712/231331.261:WARNING:pe_image_reader.cc(340)] could not read dos header from C:\Windows\SYSTEM32\USERENV.dll
[0712/231331.261:ERROR:process_memory_win.cc(73)] ReadMemory at 0x7ffd35350000 of 64 bytes failed: Only part of a ReadProcessMemory or WriteProcessMemory request was completed. (0x12B)
[0712/231331.261:WARNING:pe_image_reader.cc(340)] could not read dos header from C:\Windows\System32\profapi.dll
[0712/231331.261:ERROR:process_memory_win.cc(73)] ReadMemory at 0x7ffd0b7b0000 of 64 bytes failed: Only part of a ReadProcessMemory or WriteProcessMemory request was completed. (0x12B)
[0712/231331.261:WARNING:pe_image_reader.cc(340)] could not read dos header from C:\Windows\SYSTEM32\UIAutomationCore.DLL
[0712/231331.261:ERROR:process_memory_win.cc(73)] ReadMemory at 0x7ffd18c60000 of 64 bytes failed: Only part of a ReadProcessMemory or WriteProcessMemory request was completed. (0x12B)
[0712/231331.261:WARNING:pe_image_reader.cc(340)] could not read dos header from C:\Windows\SYSTEM32\DWrite.dll
[0712/231331.261:ERROR:process_memory_win.cc(73)] ReadMemory at 0x7ffd29e10000 of 64 bytes failed: Only part of a ReadProcessMemory or WriteProcessMemory request was completed. (0x12B)
[0712/231331.261:WARNING:pe_image_reader.cc(340)] could not read dos header from C:\Windows\SYSTEM32\WINSPOOL.DRV
[0712/231331.261:ERROR:process_memory_win.cc(73)] ReadMemory at 0x7ffd35330000 of 64 bytes failed: Only part of a ReadProcessMemory or WriteProcessMemory request was completed. (0x12B)
[0712/231331.261:WARNING:pe_image_reader.cc(340)] could not read dos header from C:\Windows\System32\kernel.appcore.dll
[0712/231331.261:ERROR:process_memory_win.cc(73)] ReadMemory at 0x7ffd35730000 of 64 bytes failed: Only part of a ReadProcessMemory or WriteProcessMemory request was completed. (0x12B)
[0712/231331.261:WARNING:pe_image_reader.cc(340)] could not read dos header from C:\Windows\System32\bcrypt.dll
[0712/231331.261:ERROR:process_memory_win.cc(73)] ReadMemory at 0x7ffd1db00000 of 64 bytes failed: Only part of a ReadProcessMemory or WriteProcessMemory request was completed. (0x12B)
[0712/231331.261:WARNING:pe_image_reader.cc(340)] could not read dos header from C:\Windows\SYSTEM32\dbghelp.dll
[0712/231331.261:ERROR:process_memory_win.cc(73)] ReadMemory at 0x7ffd298a0000 of 64 bytes failed: Only part of a ReadProcessMemory or WriteProcessMemory request was completed. (0x12B)
[0712/231331.261:WARNING:pe_image_reader.cc(340)] could not read dos header from C:\Windows\SYSTEM32\WINHTTP.dll
[0712/231331.261:ERROR:process_memory_win.cc(73)] ReadMemory at 0x7ffd2d5f0000 of 64 bytes failed: Only part of a ReadProcessMemory or WriteProcessMemory request was completed. (0x12B)
[0712/231331.261:WARNING:pe_image_reader.cc(340)] could not read dos header from C:\Windows\SYSTEM32\dhcpcsvc.DLL
[0712/231331.261:ERROR:process_memory_win.cc(73)] ReadMemory at 0x7ffd36a70000 of 64 bytes failed: Only part of a ReadProcessMemory or WriteProcessMemory request was completed. (0x12B)
[0712/231331.261:WARNING:pe_image_reader.cc(340)] could not read dos header from C:\Windows\System32\NSI.dll
[0712/231331.261:ERROR:process_memory_win.cc(73)] ReadMemory at 0x7ffd31fa0000 of 64 bytes failed: Only part of a ReadProcessMemory or WriteProcessMemory request was completed. (0x12B)
[0712/231331.261:WARNING:pe_image_reader.cc(340)] could not read dos header from C:\Windows\SYSTEM32\WINMMBASE.dll
[0712/231331.261:ERROR:process_memory_win.cc(73)] ReadMemory at 0x7ffd36370000 of 64 bytes failed: Only part of a ReadProcessMemory or WriteProcessMemory request was completed. (0x12B)
[0712/231331.261:WARNING:pe_image_reader.cc(340)] could not read dos header from C:\Windows\System32\cfgmgr32.dll
[0712/231331.261:ERROR:process_memory_win.cc(73)] ReadMemory at 0x7ffd31a00000 of 64 bytes failed: Only part of a ReadProcessMemory or WriteProcessMemory request was completed. (0x12B)
[0712/231331.261:WARNING:pe_image_reader.cc(340)] could not read dos header from C:\Windows\SYSTEM32\PROPSYS.dll
[0712/231331.261:ERROR:process_memory_win.cc(73)] ReadMemory at 0x7ffd37ad0000 of 64 bytes failed: Only part of a ReadProcessMemory or WriteProcessMemory request was completed. (0x12B)
[0712/231331.261:WARNING:pe_image_reader.cc(340)] could not read dos header from C:\Windows\System32\shcore.dll
[0712/231331.261:ERROR:process_memory_win.cc(73)] ReadMemory at 0x7ffd35210000 of 64 bytes failed: Only part of a ReadProcessMemory or WriteProcessMemory request was completed. (0x12B)
[0712/231331.261:WARNING:pe_image_reader.cc(340)] could not read dos header from C:\Windows\SYSTEM32\SSPICLI.DLL
[0712/231331.261:ERROR:process_memory_win.cc(73)] ReadMemory at 0x7ffd34d60000 of 64 bytes failed: Only part of a ReadProcessMemory or WriteProcessMemory request was completed. (0x12B)
[0712/231331.261:WARNING:pe_image_reader.cc(340)] could not read dos header from C:\Windows\SYSTEM32\CRYPTBASE.DLL
[0712/231331.261:ERROR:process_memory_win.cc(73)] ReadMemory at 0x7ff7da340000 of 64 bytes failed: Only part of a ReadProcessMemory or WriteProcessMemory request was completed. (0x12B)
[0712/231331.261:WARNING:pe_image_reader.cc(340)] could not read dos header from C:\Program Files (x86)\Google\Chrome\Application\chrome.exe
[0712/231331.261:ERROR:process_memory_win.cc(73)] ReadMemory at 0x7ffd38460000 of 64 bytes failed: Only part of a ReadProcessMemory or WriteProcessMemory request was completed. (0x12B)
[0712/231331.261:WARNING:pe_image_reader.cc(340)] could not read dos header from C:\Windows\SYSTEM32\ntdll.dll
[0712/231331.261:ERROR:process_memory_win.cc(73)] ReadMemory at 0x7ffd37810000 of 64 bytes failed: Only part of a ReadProcessMemory or WriteProcessMemory request was completed. (0x12B)
[0712/231331.261:WARNING:pe_image_reader.cc(340)] could not read dos header from C:\Windows\System32\KERNEL32.DLL
[0712/231331.261:ERROR:process_memory_win.cc(73)] ReadMemory at 0x7ffd36010000 of 64 bytes failed: Only part of a ReadProcessMemory or WriteProcessMemory request was completed. (0x12B)
[0712/231331.261:WARNING:pe_image_reader.cc(340)] could not read dos header from C:\Windows\System32\KERNELBASE.dll
[0712/231331.261:ERROR:process_memory_win.cc(73)] ReadMemory at 0x7ffd02a00000 of 64 bytes failed: Only part of a ReadProcessMemory or WriteProcessMemory request was completed. (0x12B)
[0712/231331.261:WARNING:pe_image_reader.cc(340)] could not read dos header from C:\Program Files (x86)\Google\Chrome\Application\83.0.4103.116\chrome_elf.dll
[0712/231331.261:ERROR:process_memory_win.cc(73)] ReadMemory at 0x7ffd2d710000 of 64 bytes failed: Only part of a ReadProcessMemory or WriteProcessMemory request was completed. (0x12B)
[0712/231331.261:WARNING:pe_image_reader.cc(340)] could not read dos header from C:\Windows\SYSTEM32\VERSION.dll
[0712/231331.261:ERROR:process_memory_win.cc(73)] ReadMemory at 0x7ffd365f0000 of 64 bytes failed: Only part of a ReadProcessMemory or WriteProcessMemory request was completed. (0x12B)
[0712/231331.261:WARNING:pe_image_reader.cc(340)] could not read dos header from C:\Windows\System32\msvcrt.dll
[0712/231331.261:ERROR:process_memory_win.cc(73)] ReadMemory at 0x7ffd35410000 of 64 bytes failed: Only part of a ReadProcessMemory or WriteProcessMemory request was completed. (0x12B)
[0712/231331.261:WARNING:pe_image_reader.cc(340)] could not read dos header from C:\Windows\System32\bcryptPrimitives.dll
[0712/231331.261:ERROR:process_memory_win.cc(73)] ReadMemory at 0x7ffd36690000 of 64 bytes failed: Only part of a ReadProcessMemory or WriteProcessMemory request was completed. (0x12B)
[0712/231331.261:WARNING:pe_image_reader.cc(340)] could not read dos header from C:\Windows\System32\ADVAPI32.dll
[0712/231331.261:ERROR:process_memory_win.cc(73)] ReadMemory at 0x7ffd36c50000 of 64 bytes failed: Only part of a ReadProcessMemory or WriteProcessMemory request was completed. (0x12B)
[0712/231331.261:WARNING:pe_image_reader.cc(340)] could not read dos header from C:\Windows\System32\sechost.dll
[0712/231331.261:ERROR:process_memory_win.cc(73)] ReadMemory at 0x7ffd380e0000 of 64 bytes failed: Only part of a ReadProcessMemory or WriteProcessMemory request was completed. (0x12B)
[0712/231331.261:WARNING:pe_image_reader.cc(340)] could not read dos header from C:\Windows\System32\RPCRT4.dll
[0712/231331.261:ERROR:process_memory_win.cc(73)] ReadMemory at 0x7ffcd22e0000 of 64 bytes failed: Only part of a ReadProcessMemory or WriteProcessMemory request was completed. (0x12B)
[0712/231331.261:WARNING:pe_image_reader.cc(340)] could not read dos header from C:\Program Files (x86)\Google\Chrome\Application\83.0.4103.116\chrome.dll
[0712/231331.261:ERROR:process_memory_win.cc(73)] ReadMemory at 0x7ffd37460000 of 64 bytes failed: Only part of a ReadProcessMemory or WriteProcessMemory request was completed. (0x12B)
[0712/231331.261:WARNING:pe_image_reader.cc(340)] could not read dos header from C:\Windows\System32\WS2_32.dll
[0712/231331.261:ERROR:process_memory_win.cc(73)] ReadMemory at 0x7ffd369a0000 of 64 bytes failed: Only part of a ReadProcessMemory or WriteProcessMemory request was completed. (0x12B)
[0712/231331.261:WARNING:pe_image_reader.cc(340)] could not read dos header from C:\Windows\System32\OLEAUT32.dll
[0712/231331.261:ERROR:process_memory_win.cc(73)] ReadMemory at 0x7ffd354f0000 of 64 bytes failed: Only part of a ReadProcessMemory or WriteProcessMemory request was completed. (0x12B)
[0712/231331.261:WARNING:pe_image_reader.cc(340)] could not read dos header from C:\Windows\System32\msvcp_win.dll
[0712/231331.261:ERROR:process_memory_win.cc(73)] ReadMemory at 0x7ffd35760000 of 64 bytes failed: Only part of a ReadProcessMemory or WriteProcessMemory request was completed. (0x12B)
[0712/231331.261:WARNING:pe_image_reader.cc(340)] could not read dos header from C:\Windows\System32\ucrtbase.dll
[0712/231331.261:ERROR:process_memory_win.cc(73)] ReadMemory at 0x7ffd374d0000 of 64 bytes failed: Only part of a ReadProcessMemory or WriteProcessMemory request was completed. (0x12B)
[0712/231331.261:WARNING:pe_image_reader.cc(340)] could not read dos header from C:\Windows\System32\combase.dll
[0712/231331.261:ERROR:process_memory_win.cc(73)] ReadMemory at 0x7ffd35490000 of 64 bytes failed: Only part of a ReadProcessMemory or WriteProcessMemory request was completed. (0x12B)
[0712/231331.261:WARNING:pe_image_reader.cc(340)] could not read dos header from C:\Windows\System32\WINTRUST.dll
[0712/231331.261:ERROR:process_memory_win.cc(73)] ReadMemory at 0x7ffd353d0000 of 64 bytes failed: Only part of a ReadProcessMemory or WriteProcessMemory request was completed. (0x12B)
[0712/231331.265:WARNING:pe_image_reader.cc(340)] could not read dos header from C:\Windows\System32\MSASN1.dll
[0712/231331.265:ERROR:process_memory_win.cc(73)] ReadMemory at 0x7ffd363c0000 of 64 bytes failed: Only part of a ReadProcessMemory or WriteProcessMemory request was completed. (0x12B)
[0712/231331.265:WARNING:pe_image_reader.cc(340)] could not read dos header from C:\Windows\System32\CRYPT32.dll
[0712/231331.265:ERROR:process_memory_win.cc(73)] ReadMemory at 0x7ffd348a0000 of 64 bytes failed: Only part of a ReadProcessMemory or WriteProcessMemory request was completed. (0x12B)
[0712/231331.265:WARNING:pe_image_reader.cc(340)] could not read dos header from C:\Windows\SYSTEM32\IPHLPAPI.DLL
[0712/231331.265:ERROR:process_memory_win.cc(73)] ReadMemory at 0x7ffd31fd0000 of 64 bytes failed: Only part of a ReadProcessMemory or WriteProcessMemory request was completed. (0x12B)
[0712/231331.265:WARNING:pe_image_reader.cc(340)] could not read dos header from C:\Windows\SYSTEM32\WINMM.dll
[0712/231331.265:ERROR:process_memory_win.cc(73)] ReadMemory at 0x7ffd26780000 of 64 bytes failed: Only part of a ReadProcessMemory or WriteProcessMemory request was completed. (0x12B)
[0712/231331.265:WARNING:pe_image_reader.cc(340)] could not read dos header from C:\Windows\SYSTEM32\Secur32.dll
[0712/231331.265:ERROR:process_memory_win.cc(73)] ReadMemory at 0x7ffd35240000 of 64 bytes failed: Only part of a ReadProcessMemory or WriteProcessMemory request was completed. (0x12B)
[0712/231331.265:WARNING:pe_image_reader.cc(340)] could not read dos header from C:\Windows\SYSTEM32\USERENV.dll
[0712/231331.265:ERROR:process_memory_win.cc(73)] ReadMemory at 0x7ffd35350000 of 64 bytes failed: Only part of a ReadProcessMemory or WriteProcessMemory request was completed. (0x12B)
[0712/231331.265:WARNING:pe_image_reader.cc(340)] could not read dos header from C:\Windows\System32\profapi.dll
[0712/231331.265:ERROR:process_memory_win.cc(73)] ReadMemory at 0x7ffd0b7b0000 of 64 bytes failed: Only part of a ReadProcessMemory or WriteProcessMemory request was completed. (0x12B)
[0712/231331.265:WARNING:pe_image_reader.cc(340)] could not read dos header from C:\Windows\SYSTEM32\UIAutomationCore.DLL
[0712/231331.265:ERROR:process_memory_win.cc(73)] ReadMemory at 0x7ffd18c60000 of 64 bytes failed: Only part of a ReadProcessMemory or WriteProcessMemory request was completed. (0x12B)
[0712/231331.265:WARNING:pe_image_reader.cc(340)] could not read dos header from C:\Windows\SYSTEM32\DWrite.dll
[0712/231331.265:ERROR:process_memory_win.cc(73)] ReadMemory at 0x7ffd29e10000 of 64 bytes failed: Only part of a ReadProcessMemory or WriteProcessMemory request was completed. (0x12B)
[0712/231331.265:WARNING:pe_image_reader.cc(340)] could not read dos header from C:\Windows\SYSTEM32\WINSPOOL.DRV
[0712/231331.265:ERROR:process_memory_win.cc(73)] ReadMemory at 0x7ffd35330000 of 64 bytes failed: Only part of a ReadProcessMemory or WriteProcessMemory request was completed. (0x12B)
[0712/231331.265:WARNING:pe_image_reader.cc(340)] could not read dos header from C:\Windows\System32\kernel.appcore.dll
[0712/231331.265:ERROR:process_memory_win.cc(73)] ReadMemory at 0x7ffd35730000 of 64 bytes failed: Only part of a ReadProcessMemory or WriteProcessMemory request was completed. (0x12B)
[0712/231331.265:WARNING:pe_image_reader.cc(340)] could not read dos header from C:\Windows\System32\bcrypt.dll
[0712/231331.265:ERROR:process_memory_win.cc(73)] ReadMemory at 0x7ffd1db00000 of 64 bytes failed: Only part of a ReadProcessMemory or WriteProcessMemory request was completed. (0x12B)
[0712/231331.265:WARNING:pe_image_reader.cc(340)] could not read dos header from C:\Windows\SYSTEM32\dbghelp.dll
[0712/231331.265:ERROR:process_memory_win.cc(73)] ReadMemory at 0x7ffd298a0000 of 64 bytes failed: Only part of a ReadProcessMemory or WriteProcessMemory request was completed. (0x12B)
[0712/231331.265:WARNING:pe_image_reader.cc(340)] could not read dos header from C:\Windows\SYSTEM32\WINHTTP.dll
[0712/231331.265:ERROR:process_memory_win.cc(73)] ReadMemory at 0x7ffd2d5f0000 of 64 bytes failed: Only part of a ReadProcessMemory or WriteProcessMemory request was completed. (0x12B)
[0712/231331.265:WARNING:pe_image_reader.cc(340)] could not read dos header from C:\Windows\SYSTEM32\dhcpcsvc.DLL
[0712/231331.265:ERROR:process_memory_win.cc(73)] ReadMemory at 0x7ffd36a70000 of 64 bytes failed: Only part of a ReadProcessMemory or WriteProcessMemory request was completed. (0x12B)
[0712/231331.265:WARNING:pe_image_reader.cc(340)] could not read dos header from C:\Windows\System32\NSI.dll
[0712/231331.265:ERROR:process_memory_win.cc(73)] ReadMemory at 0x7ffd31fa0000 of 64 bytes failed: Only part of a ReadProcessMemory or WriteProcessMemory request was completed. (0x12B)
[0712/231331.265:WARNING:pe_image_reader.cc(340)] could not read dos header from C:\Windows\SYSTEM32\WINMMBASE.dll
[0712/231331.265:ERROR:process_memory_win.cc(73)] ReadMemory at 0x7ffd36370000 of 64 bytes failed: Only part of a ReadProcessMemory or WriteProcessMemory request was completed. (0x12B)
[0712/231331.265:WARNING:pe_image_reader.cc(340)] could not read dos header from C:\Windows\System32\cfgmgr32.dll
[0712/231331.265:ERROR:process_memory_win.cc(73)] ReadMemory at 0x7ffd31a00000 of 64 bytes failed: Only part of a ReadProcessMemory or WriteProcessMemory request was completed. (0x12B)
[0712/231331.265:WARNING:pe_image_reader.cc(340)] could not read dos header from C:\Windows\SYSTEM32\PROPSYS.dll
[0712/231331.265:ERROR:process_memory_win.cc(73)] ReadMemory at 0x7ffd37ad0000 of 64 bytes failed: Only part of a ReadProcessMemory or WriteProcessMemory request was completed. (0x12B)
[0712/231331.265:WARNING:pe_image_reader.cc(340)] could not read dos header from C:\Windows\System32\shcore.dll
[0712/231331.265:ERROR:process_memory_win.cc(73)] ReadMemory at 0x7ffd35210000 of 64 bytes failed: Only part of a ReadProcessMemory or WriteProcessMemory request was completed. (0x12B)
[0712/231331.265:WARNING:pe_image_reader.cc(340)] could not read dos header from C:\Windows\SYSTEM32\SSPICLI.DLL
[0712/231331.265:ERROR:process_memory_win.cc(73)] ReadMemory at 0x7ffd34d60000 of 64 bytes failed: Only part of a ReadProcessMemory or WriteProcessMemory request was completed. (0x12B)
[0712/231331.265:WARNING:pe_image_reader.cc(340)] could not read dos header from C:\Windows\SYSTEM32\CRYPTBASE.DLL
[0712/231331.293:ERROR:process_memory_win.cc(73)] ReadMemory at 0xa530ff4000 of 49152 bytes failed: Only part of a ReadProcessMemory or WriteProcessMemory request was completed. (0x12B)
[0712/231331.293:ERROR:process_memory_win.cc(73)] ReadMemory at 0xa5317fd000 of 12288 bytes failed: Only part of a ReadProcessMemory or WriteProcessMemory request was completed. (0x12B)
[0712/231331.293:ERROR:process_memory_win.cc(73)] ReadMemory at 0xa531ff5000 of 45056 bytes failed: Only part of a ReadProcessMemory or WriteProcessMemory request was completed. (0x12B)
[0712/231331.297:ERROR:process_memory_win.cc(73)] ReadMemory at 0xa5327fc000 of 16384 bytes failed: Only part of a ReadProcessMemory or WriteProcessMemory request was completed. (0x12B)
[0712/231331.297:ERROR:process_memory_win.cc(73)] ReadMemory at 0xa532ffc000 of 16384 bytes failed: Only part of a ReadProcessMemory or WriteProcessMemory request was completed. (0x12B)
[0712/231331.297:ERROR:process_memory_win.cc(73)] ReadMemory at 0xa5337fe000 of 8192 bytes failed: Only part of a ReadProcessMemory or WriteProcessMemory request was completed. (0x12B)
[0712/231331.297:ERROR:process_memory_win.cc(73)] ReadMemory at 0xa533ffd000 of 12288 bytes failed: Only part of a ReadProcessMemory or WriteProcessMemory request was completed. (0x12B)
[0712/231331.297:ERROR:process_memory_win.cc(73)] ReadMemory at 0xa5347fc000 of 16384 bytes failed: Only part of a ReadProcessMemory or WriteProcessMemory request was completed. (0x12B)
[0712/231331.297:ERROR:process_memory_win.cc(73)] ReadMemory at 0xa534ffd000 of 12288 bytes failed: Only part of a ReadProcessMemory or WriteProcessMemory request was completed. (0x12B)
[0712/231331.297:ERROR:process_memory_win.cc(73)] ReadMemory at 0xa5357fd000 of 12288 bytes failed: Only part of a ReadProcessMemory or WriteProcessMemory request was completed. (0x12B)
[0712/231331.297:ERROR:process_memory_win.cc(73)] ReadMemory at 0xa535ffd000 of 12288 bytes failed: Only part of a ReadProcessMemory or WriteProcessMemory request was completed. (0x12B)
[0712/231331.297:ERROR:process_memory_win.cc(73)] ReadMemory at 0xa5367fd000 of 12288 bytes failed: Only part of a ReadProcessMemory or WriteProcessMemory request was completed. (0x12B)
[0712/231331.297:ERROR:process_memory_win.cc(73)] ReadMemory at 0xa536ffd000 of 12288 bytes failed: Only part of a ReadProcessMemory or WriteProcessMemory request was completed. (0x12B)
[0712/231331.297:ERROR:process_memory_win.cc(73)] ReadMemory at 0xa5377f4000 of 49152 bytes failed: Only part of a ReadProcessMemory or WriteProcessMemory request was completed. (0x12B)
[0712/231331.297:ERROR:process_memory_win.cc(73)] ReadMemory at 0xa537ff6000 of 40960 bytes failed: Only part of a ReadProcessMemory or WriteProcessMemory request was completed. (0x12B)
[0712/231331.297:ERROR:process_memory_win.cc(73)] ReadMemory at 0xa530674000 of 852 bytes failed: Only part of a ReadProcessMemory or WriteProcessMemory request was completed. (0x12B)
[0712/231331.297:ERROR:process_memory_win.cc(73)] ReadMemory at 0xa530675000 of 6024 bytes failed: Only part of a ReadProcessMemory or WriteProcessMemory request was completed. (0x12B)
[0712/231331.297:ERROR:process_memory_win.cc(73)] ReadMemory at 0xa530677000 of 6024 bytes failed: Only part of a ReadProcessMemory or WriteProcessMemory request was completed. (0x12B)
[0712/231331.297:ERROR:process_memory_win.cc(73)] ReadMemory at 0xa530679000 of 6024 bytes failed: Only part of a ReadProcessMemory or WriteProcessMemory request was completed. (0x12B)
[0712/231331.297:ERROR:process_memory_win.cc(73)] ReadMemory at 0xa53067b000 of 6024 bytes failed: Only part of a ReadProcessMemory or WriteProcessMemory request was completed. (0x12B)
[0712/231331.297:ERROR:process_memory_win.cc(73)] ReadMemory at 0xa53067d000 of 6024 bytes failed: Only part of a ReadProcessMemory or WriteProcessMemory request was completed. (0x12B)
[0712/231331.301:ERROR:process_memory_win.cc(73)] ReadMemory at 0xa53067f000 of 6024 bytes failed: Only part of a ReadProcessMemory or WriteProcessMemory request was completed. (0x12B)
[0712/231331.301:ERROR:process_memory_win.cc(73)] ReadMemory at 0xa530681000 of 6024 bytes failed: Only part of a ReadProcessMemory or WriteProcessMemory request was completed. (0x12B)
[0712/231331.301:ERROR:process_memory_win.cc(73)] ReadMemory at 0xa530683000 of 6024 bytes failed: Only part of a ReadProcessMemory or WriteProcessMemory request was completed. (0x12B)
[0712/231331.301:ERROR:process_memory_win.cc(73)] ReadMemory at 0xa530685000 of 6024 bytes failed: Only part of a ReadProcessMemory or WriteProcessMemory request was completed. (0x12B)
[0712/231331.301:ERROR:process_memory_win.cc(73)] ReadMemory at 0xa530687000 of 6024 bytes failed: Only part of a ReadProcessMemory or WriteProcessMemory request was completed. (0x12B)
[0712/231331.301:ERROR:process_memory_win.cc(73)] ReadMemory at 0xa530689000 of 6024 bytes failed: Only part of a ReadProcessMemory or WriteProcessMemory request was completed. (0x12B)
[0712/231331.301:ERROR:process_memory_win.cc(73)] ReadMemory at 0xa53068b000 of 6024 bytes failed: Only part of a ReadProcessMemory or WriteProcessMemory request was completed. (0x12B)
[0712/231331.301:ERROR:process_memory_win.cc(73)] ReadMemory at 0xa53068d000 of 6024 bytes failed: Only part of a ReadProcessMemory or WriteProcessMemory request was completed. (0x12B)
[0712/231331.301:ERROR:process_memory_win.cc(73)] ReadMemory at 0xa53068f000 of 6024 bytes failed: Only part of a ReadProcessMemory or WriteProcessMemory request was completed. (0x12B)
[0712/231331.301:ERROR:process_memory_win.cc(73)] ReadMemory at 0xa530691000 of 6024 bytes failed: Only part of a ReadProcessMemory or WriteProcessMemory request was completed. (0x12B)
[0712/231331.301:ERROR:process_memory_win.cc(73)] ReadMemory at 0x265d03b0750 of 80 bytes failed: Only part of a ReadProcessMemory or WriteProcessMemory request was completed. (0x12B)
[0712/231331.301:ERROR:process_memory_win.cc(73)] ReadMemory at 0x265d03b0fe0 of 17594 bytes failed: Only part of a ReadProcessMemory or WriteProcessMemory request was completed. (0x12B)
[0712/231331.301:ERROR:process_memory_win.cc(73)] ReadMemory at 0x265d03b54b0 of 1012 bytes failed: Only part of a ReadProcessMemory or WriteProcessMemory request was completed. (0x12B)
[0712/231331.301:ERROR:process_memory_win.cc(73)] ReadMemory at 0x265d03b5af8 of 118 bytes failed: Only part of a ReadProcessMemory or WriteProcessMemory request was completed. (0x12B)
[0712/231331.301:ERROR:process_memory_win.cc(73)] ReadMemory at 0x265d03b5b70 of 804 bytes failed: Only part of a ReadProcessMemory or WriteProcessMemory request was completed. (0x12B)
[0712/231331.301:ERROR:process_memory_win.cc(73)] ReadMemory at 0x265d03b5e96 of 118 bytes failed: Only part of a ReadProcessMemory or WriteProcessMemory request was completed. (0x12B)
[0712/231331.301:ERROR:process_memory_win.cc(73)] ReadMemory at 0x265d03b5f0e of 102 bytes failed: Only part of a ReadProcessMemory or WriteProcessMemory request was completed. (0x12B)
[0712/231331.301:ERROR:process_memory_win.cc(73)] ReadMemory at 0x265d03b5f80 of 58 bytes failed: Only part of a ReadProcessMemory or WriteProcessMemory request was completed. (0x12B)
[0712/231331.301:ERROR:process_memory_win.cc(73)] ReadMemory at 0x265d03b6080 of 132 bytes failed: Only part of a ReadProcessMemory or WriteProcessMemory request was completed. (0x12B)
[0712/231331.301:ERROR:process_memory_win.cc(73)] ReadMemory at 0x265d03b6210 of 132 bytes failed: Only part of a ReadProcessMemory or WriteProcessMemory request was completed. (0x12B)
[0712/231331.301:ERROR:process_memory_win.cc(73)] ReadMemory at 0x265d03b63d0 of 126 bytes failed: Only part of a ReadProcessMemory or WriteProcessMemory request was completed. (0x12B)
[0712/231331.301:ERROR:process_memory_win.cc(73)] ReadMemory at 0x265d03b67b0 of 132 bytes failed: Only part of a ReadProcessMemory or WriteProcessMemory request was completed. (0x12B)
[0712/231331.301:ERROR:process_memory_win.cc(73)] ReadMemory at 0x265d03b6940 of 64 bytes failed: Only part of a ReadProcessMemory or WriteProcessMemory request was completed. (0x12B)
[0712/231331.301:ERROR:process_memory_win.cc(73)] ReadMemory at 0x265d03b6990 of 132 bytes failed: Only part of a ReadProcessMemory or WriteProcessMemory request was completed. (0x12B)
[0712/231331.305:ERROR:process_memory_win.cc(73)] ReadMemory at 0x265d03b6b00 of 132 bytes failed: Only part of a ReadProcessMemory or WriteProcessMemory request was completed. (0x12B)
[0712/231331.305:ERROR:process_memory_win.cc(73)] ReadMemory at 0x265d03b6da0 of 132 bytes failed: Only part of a ReadProcessMemory or WriteProcessMemory request was completed. (0x12B)
[0712/231331.305:ERROR:process_memory_win.cc(73)] ReadMemory at 0x265d03b6f30 of 68 bytes failed: Only part of a ReadProcessMemory or WriteProcessMemory request was completed. (0x12B)
[0712/231331.305:ERROR:process_memory_win.cc(73)] ReadMemory at 0x265d03b7fd0 of 132 bytes failed: Only part of a ReadProcessMemory or WriteProcessMemory request was completed. (0x12B)
[0712/231331.305:ERROR:process_memory_win.cc(73)] ReadMemory at 0x265d03b8160 of 154 bytes failed: Only part of a ReadProcessMemory or WriteProcessMemory request was completed. (0x12B)
[0712/231331.305:ERROR:process_memory_win.cc(73)] ReadMemory at 0x265d03b9c10 of 62 bytes failed: Only part of a ReadProcessMemory or WriteProcessMemory request was completed. (0x12B)
[0712/231331.305:ERROR:process_memory_win.cc(73)] ReadMemory at 0x265d03b9d40 of 132 bytes failed: Only part of a ReadProcessMemory or WriteProcessMemory request was completed. (0x12B)
[0712/231331.305:ERROR:process_memory_win.cc(73)] ReadMemory at 0x265d03b9ed0 of 60 bytes failed: Only part of a ReadProcessMemory or WriteProcessMemory request was completed. (0x12B)
[0712/231331.305:ERROR:process_memory_win.cc(73)] ReadMemory at 0x265d03baa00 of 132 bytes failed: Only part of a ReadProcessMemory or WriteProcessMemory request was completed. (0x12B)
[0712/231331.305:ERROR:process_memory_win.cc(73)] ReadMemory at 0x265d03bac10 of 132 bytes failed: Only part of a ReadProcessMemory or WriteProcessMemory request was completed. (0x12B)
[0712/231331.305:ERROR:process_memory_win.cc(73)] ReadMemory at 0x265d03bb650 of 132 bytes failed: Only part of a ReadProcessMemory or WriteProcessMemory request was completed. (0x12B)
[0712/231331.305:ERROR:process_memory_win.cc(73)] ReadMemory at 0x265d03be550 of 62 bytes failed: Only part of a ReadProcessMemory or WriteProcessMemory request was completed. (0x12B)
[0712/231331.305:ERROR:process_memory_win.cc(73)] ReadMemory at 0x265d03be5f0 of 64 bytes failed: Only part of a ReadProcessMemory or WriteProcessMemory request was completed. (0x12B)
[0712/231331.305:ERROR:process_memory_win.cc(73)] ReadMemory at 0x265d03be6e0 of 64 bytes failed: Only part of a ReadProcessMemory or WriteProcessMemory request was completed. (0x12B)
[0712/231331.305:ERROR:process_memory_win.cc(73)] ReadMemory at 0x265d03be730 of 62 bytes failed: Only part of a ReadProcessMemory or WriteProcessMemory request was completed. (0x12B)
[0712/231331.305:ERROR:process_memory_win.cc(73)] ReadMemory at 0x265d03be9b0 of 64 bytes failed: Only part of a ReadProcessMemory or WriteProcessMemory request was completed. (0x12B)
[0712/231331.305:ERROR:process_memory_win.cc(73)] ReadMemory at 0x265d03bea00 of 66 bytes failed: Only part of a ReadProcessMemory or WriteProcessMemory request was completed. (0x12B)
[0712/231331.305:ERROR:process_memory_win.cc(73)] ReadMemory at 0x265d03bea50 of 60 bytes failed: Only part of a ReadProcessMemory or WriteProcessMemory request was completed. (0x12B)
[0712/231331.305:ERROR:process_memory_win.cc(73)] ReadMemory at 0x265d03beb40 of 64 bytes failed: Only part of a ReadProcessMemory or WriteProcessMemory request was completed. (0x12B)
[0712/231331.305:ERROR:process_memory_win.cc(73)] ReadMemory at 0x265d03bec80 of 60 bytes failed: Only part of a ReadProcessMemory or WriteProcessMemory request was completed. (0x12B)
[0712/231331.305:ERROR:process_memory_win.cc(73)] ReadMemory at 0x265d03bed60 of 132 bytes failed: Only part of a ReadProcessMemory or WriteProcessMemory request was completed. (0x12B)
[0712/231331.305:ERROR:process_memory_win.cc(73)] ReadMemory at 0x265d03bee90 of 132 bytes failed: Only part of a ReadProcessMemory or WriteProcessMemory request was completed. (0x12B)
[0712/231331.305:ERROR:process_memory_win.cc(73)] ReadMemory at 0x265d03befc0 of 132 bytes failed: Only part of a ReadProcessMemory or WriteProcessMemory request was completed. (0x12B)
[0712/231331.305:ERROR:process_memory_win.cc(73)] ReadMemory at 0x265d03bf0f0 of 132 bytes failed: Only part of a ReadProcessMemory or WriteProcessMemory request was completed. (0x12B)
[0712/231331.305:ERROR:process_memory_win.cc(73)] ReadMemory at 0x265d03bf350 of 132 bytes failed: Only part of a ReadProcessMemory or WriteProcessMemory request was completed. (0x12B)
[0712/231331.305:ERROR:process_memory_win.cc(73)] ReadMemory at 0x265d03bf480 of 132 bytes failed: Only part of a ReadProcessMemory or WriteProcessMemory request was completed. (0x12B)
[0712/231331.305:ERROR:process_memory_win.cc(73)] ReadMemory at 0x265d03bf5b0 of 132 bytes failed: Only part of a ReadProcessMemory or WriteProcessMemory request was completed. (0x12B)
[0712/231331.305:ERROR:process_memory_win.cc(73)] ReadMemory at 0x265d03bf6e0 of 132 bytes failed: Only part of a ReadProcessMemory or WriteProcessMemory request was completed. (0x12B)
[0712/231331.305:ERROR:process_memory_win.cc(73)] ReadMemory at 0x265d03bf810 of 132 bytes failed: Only part of a ReadProcessMemory or WriteProcessMemory request was completed. (0x12B)
[0712/231331.305:ERROR:process_memory_win.cc(73)] ReadMemory at 0x265d03bf940 of 132 bytes failed: Only part of a ReadProcessMemory or WriteProcessMemory request was completed. (0x12B)
[0712/231331.305:ERROR:process_memory_win.cc(73)] ReadMemory at 0x265d03bfa70 of 132 bytes failed: Only part of a ReadProcessMemory or WriteProcessMemory request was completed. (0x12B)
[0712/231331.305:ERROR:process_memory_win.cc(73)] ReadMemory at 0x265d03bfba0 of 132 bytes failed: Only part of a ReadProcessMemory or WriteProcessMemory request was completed. (0x12B)
[0712/231331.309:ERROR:process_memory_win.cc(73)] ReadMemory at 0x265d03c2b50 of 132 bytes failed: Only part of a ReadProcessMemory or WriteProcessMemory request was completed. (0x12B)
[0712/231331.309:ERROR:process_memory_win.cc(73)] ReadMemory at 0x265d03c2c80 of 132 bytes failed: Only part of a ReadProcessMemory or WriteProcessMemory request was completed. (0x12B)
[0712/231331.309:ERROR:process_memory_win.cc(73)] ReadMemory at 0x265d03c36f0 of 132 bytes failed: Only part of a ReadProcessMemory or WriteProcessMemory request was completed. (0x12B)
[0712/231331.309:ERROR:process_memory_win.cc(73)] ReadMemory at 0x265d03c3820 of 132 bytes failed: Only part of a ReadProcessMemory or WriteProcessMemory request was completed. (0x12B)
[0712/231331.309:ERROR:process_memory_win.cc(73)] ReadMemory at 0x265d03c5100 of 132 bytes failed: Only part of a ReadProcessMemory or WriteProcessMemory request was completed. (0x12B)
[0712/231331.309:ERROR:process_memory_win.cc(73)] ReadMemory at 0x265d03c7470 of 54 bytes failed: Only part of a ReadProcessMemory or WriteProcessMemory request was completed. (0x12B)
[0712/231331.309:ERROR:process_memory_win.cc(73)] ReadMemory at 0x265d03c84e0 of 146 bytes failed: Only part of a ReadProcessMemory or WriteProcessMemory request was completed. (0x12B)
[0712/231331.309:ERROR:process_memory_win.cc(73)] ReadMemory at 0x265d03c9e70 of 132 bytes failed: Only part of a ReadProcessMemory or WriteProcessMemory request was completed. (0x12B)
[0712/231331.309:ERROR:process_memory_win.cc(73)] ReadMemory at 0x265d03ca0b0 of 80 bytes failed: Only part of a ReadProcessMemory or WriteProcessMemory request was completed. (0x12B)
[0712/231331.309:ERROR:process_memory_win.cc(73)] ReadMemory at 0x265d03ca530 of 76 bytes failed: Only part of a ReadProcessMemory or WriteProcessMemory request was completed. (0x12B)
[0712/231331.309:ERROR:process_memory_win.cc(73)] ReadMemory at 0x265d03cb0a0 of 58 bytes failed: Only part of a ReadProcessMemory or WriteProcessMemory request was completed. (0x12B)
[0712/231331.309:ERROR:process_memory_win.cc(73)] ReadMemory at 0x265d03cb1e0 of 62 bytes failed: Only part of a ReadProcessMemory or WriteProcessMemory request was completed. (0x12B)
[0712/231331.309:ERROR:process_memory_win.cc(73)] ReadMemory at 0x265d03cb230 of 62 bytes failed: Only part of a ReadProcessMemory or WriteProcessMemory request was completed. (0x12B)
[0712/231331.309:ERROR:process_memory_win.cc(73)] ReadMemory at 0x265d03cb280 of 64 bytes failed: Only part of a ReadProcessMemory or WriteProcessMemory request was completed. (0x12B)
[0712/231331.309:ERROR:process_memory_win.cc(73)] ReadMemory at 0x265d03cb2d0 of 62 bytes failed: Only part of a ReadProcessMemory or WriteProcessMemory request was completed. (0x12B)
[0712/231331.309:ERROR:process_memory_win.cc(73)] ReadMemory at 0x265d03cb3c0 of 60 bytes failed: Only part of a ReadProcessMemory or WriteProcessMemory request was completed. (0x12B)
[0712/231331.309:ERROR:process_memory_win.cc(73)] ReadMemory at 0x265d03cb410 of 62 bytes failed: Only part of a ReadProcessMemory or WriteProcessMemory request was completed. (0x12B)
[0712/231331.309:ERROR:process_memory_win.cc(73)] ReadMemory at 0x265d03cb460 of 64 bytes failed: Only part of a ReadProcessMemory or WriteProcessMemory request was completed. (0x12B)
[0712/231331.309:ERROR:process_memory_win.cc(73)] ReadMemory at 0x265d03cb5f0 of 62 bytes failed: Only part of a ReadProcessMemory or WriteProcessMemory request was completed. (0x12B)
[0712/231331.309:ERROR:process_memory_win.cc(73)] ReadMemory at 0x265d03cb730 of 60 bytes failed: Only part of a ReadProcessMemory or WriteProcessMemory request was completed. (0x12B)
[0712/231331.309:ERROR:process_memory_win.cc(73)] ReadMemory at 0x265d03cb7d0 of 64 bytes failed: Only part of a ReadProcessMemory or WriteProcessMemory request was completed. (0x12B)
[0712/231331.309:ERROR:process_memory_win.cc(73)] ReadMemory at 0x265d03cb8c0 of 60 bytes failed: Only part of a ReadProcessMemory or WriteProcessMemory request was completed. (0x12B)
[0712/231331.309:ERROR:process_memory_win.cc(73)] ReadMemory at 0x265d03cbaa0 of 66 bytes failed: Only part of a ReadProcessMemory or WriteProcessMemory request was completed. (0x12B)
[0712/231331.309:ERROR:process_memory_win.cc(73)] ReadMemory at 0x265d03cbb90 of 64 bytes failed: Only part of a ReadProcessMemory or WriteProcessMemory request was completed. (0x12B)
[0712/231331.309:ERROR:process_memory_win.cc(73)] ReadMemory at 0x265d03cbdc0 of 62 bytes failed: Only part of a ReadProcessMemory or WriteProcessMemory request was completed. (0x12B)
[0712/231331.309:ERROR:process_memory_win.cc(73)] ReadMemory at 0x265d03cbe10 of 62 bytes failed: Only part of a ReadProcessMemory or WriteProcessMemory request was completed. (0x12B)
[0712/231331.309:ERROR:process_memory_win.cc(73)] ReadMemory at 0x265d03cbeb0 of 60 bytes failed: Only part of a ReadProcessMemory or WriteProcessMemory request was completed. (0x12B)
[0712/231331.309:ERROR:process_memory_win.cc(73)] ReadMemory at 0x265d03cbf00 of 62 bytes failed: Only part of a ReadProcessMemory or WriteProcessMemory request was completed. (0x12B)
[0712/231331.309:ERROR:process_memory_win.cc(73)] ReadMemory at 0x265d03cc4e0 of 132 bytes failed: Only part of a ReadProcessMemory or WriteProcessMemory request was completed. (0x12B)
[0712/231331.313:ERROR:process_memory_win.cc(73)] ReadMemory at 0x265d03cc610 of 132 bytes failed: Only part of a ReadProcessMemory or WriteProcessMemory request was completed. (0x12B)
[0712/231331.313:ERROR:process_memory_win.cc(73)] ReadMemory at 0x265d03ccd30 of 132 bytes failed: Only part of a ReadProcessMemory or WriteProcessMemory request was completed. (0x12B)
[0712/231331.313:ERROR:process_memory_win.cc(73)] ReadMemory at 0x265d03cce60 of 132 bytes failed: Only part of a ReadProcessMemory or WriteProcessMemory request was completed. (0x12B)
[0712/231331.313:ERROR:process_memory_win.cc(73)] ReadMemory at 0x265d03ccf90 of 132 bytes failed: Only part of a ReadProcessMemory or WriteProcessMemory request was completed. (0x12B)
[0712/231331.313:ERROR:process_memory_win.cc(73)] ReadMemory at 0x265d03cd320 of 132 bytes failed: Only part of a ReadProcessMemory or WriteProcessMemory request was completed. (0x12B)
[0712/231331.313:ERROR:process_memory_win.cc(73)] ReadMemory at 0x265d03cd450 of 132 bytes failed: Only part of a ReadProcessMemory or WriteProcessMemory request was completed. (0x12B)
[0712/231331.313:ERROR:process_memory_win.cc(73)] ReadMemory at 0x265d03cd580 of 132 bytes failed: Only part of a ReadProcessMemory or WriteProcessMemory request was completed. (0x12B)
[0712/231331.313:ERROR:process_memory_win.cc(73)] ReadMemory at 0x265d03cd6b0 of 132 bytes failed: Only part of a ReadProcessMemory or WriteProcessMemory request was completed. (0x12B)
[0712/231331.313:ERROR:process_memory_win.cc(73)] ReadMemory at 0x265d03cd7e0 of 132 bytes failed: Only part of a ReadProcessMemory or WriteProcessMemory request was completed. (0x12B)
[0712/231331.313:ERROR:process_memory_win.cc(73)] ReadMemory at 0x265d03e5690 of 512 bytes failed: Only part of a ReadProcessMemory or WriteProcessMemory request was completed. (0x12B)
[0712/231331.313:ERROR:process_memory_win.cc(73)] ReadMemory at 0x265d03e6440 of 512 bytes failed: Only part of a ReadProcessMemory or WriteProcessMemory request was completed. (0x12B)
[0712/231331.313:ERROR:process_memory_win.cc(73)] ReadMemory at 0x265d0621e40 of 512 bytes failed: Only part of a ReadProcessMemory or WriteProcessMemory request was completed. (0x12B)
[0712/231331.313:ERROR:process_memory_win.cc(73)] ReadMemory at 0x265d06ed2d0 of 512 bytes failed: Only part of a ReadProcessMemory or WriteProcessMemory request was completed. (0x12B)
[0712/231331.313:ERROR:process_memory_win.cc(73)] ReadMemory at 0x265d06ee9c8 of 512 bytes failed: Only part of a ReadProcessMemory or WriteProcessMemory request was completed. (0x12B)
[0712/231331.313:ERROR:process_memory_win.cc(73)] ReadMemory at 0x265d06f3300 of 512 bytes failed: Only part of a ReadProcessMemory or WriteProcessMemory request was completed. (0x12B)
[0712/231331.313:ERROR:process_memory_win.cc(73)] ReadMemory at 0x265d07175a0 of 712 bytes failed: Only part of a ReadProcessMemory or WriteProcessMemory request was completed. (0x12B)
[0712/231331.313:ERROR:process_memory_win.cc(73)] ReadMemory at 0x265d07309e8 of 512 bytes failed: Only part of a ReadProcessMemory or WriteProcessMemory request was completed. (0x12B)
[0712/231331.313:ERROR:process_memory_win.cc(73)] ReadMemory at 0x265d2160000 of 384 bytes failed: Only part of a ReadProcessMemory or WriteProcessMemory request was completed. (0x12B)
[0712/231331.313:ERROR:process_memory_win.cc(73)] ReadMemory at 0x265d2206570 of 512 bytes failed: Only part of a ReadProcessMemory or WriteProcessMemory request was completed. (0x12B)
[0712/231331.313:ERROR:process_memory_win.cc(73)] ReadMemory at 0x265d220efb0 of 512 bytes failed: Only part of a ReadProcessMemory or WriteProcessMemory request was completed. (0x12B)
[0712/231331.313:ERROR:process_memory_win.cc(73)] ReadMemory at 0x265d27ee678 of 512 bytes failed: Only part of a ReadProcessMemory or WriteProcessMemory request was completed. (0x12B)
[0712/231331.313:ERROR:process_memory_win.cc(73)] ReadMemory at 0x265d27f84f0 of 512 bytes failed: Only part of a ReadProcessMemory or WriteProcessMemory request was completed. (0x12B)
[0712/231331.313:ERROR:process_memory_win.cc(73)] ReadMemory at 0x265d2868cd0 of 512 bytes failed: Only part of a ReadProcessMemory or WriteProcessMemory request was completed. (0x12B)
[0712/231331.313:ERROR:process_memory_win.cc(73)] ReadMemory at 0x265d2929e05 of 512 bytes failed: Only part of a ReadProcessMemory or WriteProcessMemory request was completed. (0x12B)
[0712/231331.313:ERROR:process_memory_win.cc(73)] ReadMemory at 0x27c0d2a8e288 of 512 bytes failed: Only part of a ReadProcessMemory or WriteProcessMemory request was completed. (0x12B)
[0712/231331.317:ERROR:process_memory_win.cc(73)] ReadMemory at 0x7ffcd4a68cfc of 512 bytes failed: Only part of a ReadProcessMemory or WriteProcessMemory request was completed. (0x12B)
[0712/231331.317:ERROR:process_memory_win.cc(73)] ReadMemory at 0x7ffcd59967e1 of 512 bytes failed: Only part of a ReadProcessMemory or WriteProcessMemory request was completed. (0x12B)
[0712/231331.317:ERROR:process_memory_win.cc(73)] ReadMemory at 0x7ffcd9bea568 of 512 bytes failed: Only part of a ReadProcessMemory or WriteProcessMemory request was completed. (0x12B)
[0712/231331.317:ERROR:process_memory_win.cc(73)] ReadMemory at 0x7ffd3627c6e0 of 512 bytes failed: Only part of a ReadProcessMemory or WriteProcessMemory request was completed. (0x12B)
[0712/231331.317:ERROR:process_memory_win.cc(73)] ReadMemory at 0x7ffd384fc074 of 672 bytes failed: Only part of a ReadProcessMemory or WriteProcessMemory request was completed. (0x12B)
[0712/231331.317:ERROR:process_memory_win.cc(73)] ReadMemory at 0x7ffd384fc674 of 512 bytes failed: Only part of a ReadProcessMemory or WriteProcessMemory request was completed. (0x12B)
[0712/231331.317:ERROR:process_memory_win.cc(73)] ReadMemory at 0x7ffd384ff924 of 608 bytes failed: Only part of a ReadProcessMemory or WriteProcessMemory request was completed. (0x12B)
[0712/231331.317:ERROR:process_memory_win.cc(73)] ReadMemory at 0x7ffd3858c428 of 18 bytes failed: Only part of a ReadProcessMemory or WriteProcessMemory request was completed. (0x12B)
[0712/231331.317:ERROR:process_memory_win.cc(73)] ReadMemory at 0x7ffd385bf4f8 of 40 bytes failed: Only part of a ReadProcessMemory or WriteProcessMemory request was completed. (0x12B)
[0712/231331.317:ERROR:process_memory_win.cc(73)] ReadMemory at 0x7ffd385bf978 of 48 bytes failed: Only part of a ReadProcessMemory or WriteProcessMemory request was completed. (0x12B)
[0712/231331.317:ERROR:process_memory_win.cc(73)] ReadMemory at 0x7ffd385c53c0 of 64 bytes failed: Only part of a ReadProcessMemory or WriteProcessMemory request was completed. (0x12B)
[0712/231331.321:ERROR:scoped_process_suspend.cc(40)] NtResumeProcess: An attempt was made to access an exiting process. (0xc000010a)
